Build started 02.03.2012 15:10:08.
     1>Project "C:\Users\Ted\Documents\MG\Miracle-Grue\VS2010\Miracle-Grue\Miracle-Grue.vcxproj" on node 3 (build target(s)).
     1>InitializeBuildStatus:
         Creating "Debug\Miracle-Grue.unsuccessfulbuild" because "AlwaysCreate" was specified.
       ClCompile:
         C:\Program Files (x86)\Microsoft Visual Studio 10.0\VC\bin\CL.exe /c /ZI /nologo /W3 /WX- /Od /Oy- /D WIN32 /D _DEBUG /D _CONSOLE /D _UNICODE /D UNICODE /Gm /EHsc /RTC1 /MDd /GS /fp:precise /Zc:wchar_t /Zc:forScope /Fo"Debug\\" /Fd"Debug\vc100.pdb" /Gd /TP /analyze- /errorReport:prompt ..\..\src\morphogen.cc
         morphogen.cc
     1>c:\users\ted\documents\mg\miracle-grue\src\mgl\abstractable.h(81): warning C4996: 'localtime': This function or variable may be unsafe. Consider using localtime_s instead. To disable deprecation, use _CRT_SECURE_NO_WARNINGS. See online help for details.
                 c:\program files (x86)\microsoft visual studio 10.0\vc\include\time.inl(112) : see declaration of 'localtime'
     1>c:\users\ted\documents\mg\miracle-grue\src\mgl\core.h(498): warning C4244: 'return' : conversion from 'double' to 'unsigned int', possible loss of data
     1>c:\users\ted\documents\mg\miracle-grue\src\mgl\meshy.h(185): warning C4018: '<=' : signed/unsigned mismatch
     1>c:\users\ted\documents\mg\miracle-grue\src\mgl\meshy.h(159): warning C4101: 'min' : unreferenced local variable
     1>c:\users\ted\documents\mg\miracle-grue\src\mgl\meshy.h(160): warning C4101: 'max' : unreferenced local variable
     1>c:\users\ted\documents\mg\miracle-grue\src\mgl\meshy.h(205): warning C4018: '<' : signed/unsigned mismatch
     1>c:\users\ted\documents\mg\miracle-grue\src\mgl\scadtubefile.h(127): warning C4018: '<' : signed/unsigned mismatch
     1>c:\users\ted\documents\mg\miracle-grue\src\mgl\scadtubefile.h(131): warning C4018: '<' : signed/unsigned mismatch
     1>c:\users\ted\documents\mg\miracle-grue\src\mgl\scadtubefile.h(143): warning C4018: '<' : signed/unsigned mismatch
     1>c:\users\ted\documents\mg\miracle-grue\src\mgl\scadtubefile.h(147): warning C4018: '<' : signed/unsigned mismatch
     1>c:\users\ted\documents\mg\miracle-grue\src\mgl\scadtubefile.h(158): warning C4018: '<' : signed/unsigned mismatch
     1>c:\users\ted\documents\mg\miracle-grue\src\mgl\scadtubefile.h(180): warning C4018: '<' : signed/unsigned mismatch
     1>c:\users\ted\documents\mg\miracle-grue\src\mgl\scadtubefile.h(187): warning C4018: '<' : signed/unsigned mismatch
     1>c:\users\ted\documents\mg\miracle-grue\src\mgl\scadtubefile.h(202): warning C4018: '<' : signed/unsigned mismatch
     1>c:\users\ted\documents\mg\miracle-grue\src\mgl\scadtubefile.h(222): warning C4018: '<' : signed/unsigned mismatch
     1>c:\users\ted\documents\mg\miracle-grue\src\mgl\scadtubefile.h(242): warning C4018: '<' : signed/unsigned mismatch
     1>c:\users\ted\documents\mg\miracle-grue\src\mgl\scadtubefile.h(288): warning C4018: '<' : signed/unsigned mismatch
     1>c:\users\ted\documents\mg\miracle-grue\src\mgl\scadtubefile.h(325): warning C4018: '<' : signed/unsigned mismatch
     1>c:\users\ted\documents\mg\miracle-grue\src\mgl\scadtubefile.h(338): warning C4018: '<' : signed/unsigned mismatch
       ManifestResourceCompile:
         All outputs are up-to-date.
       Link:
         C:\Program Files (x86)\Microsoft Visual Studio 10.0\VC\bin\link.exe /ERRORREPORT:PROMPT /OUT:"C:\Users\Ted\Documents\MG\Miracle-Grue\VS2010\Debug\Miracle-Grue.exe" /INCREMENTAL /NOLOGO kernel32.lib user32.lib gdi32.lib winspool.lib comdlg32.lib advapi32.lib shell32.lib ole32.lib oleaut32.lib uuid.lib odbc32.lib odbccp32.lib /MANIFEST /ManifestFile:"Debug\Miracle-Grue.exe.intermediate.manifest" /MANIFESTUAC:"level='asInvoker' uiAccess='false'" /DEBUG /PDB:"C:\Users\Ted\Documents\MG\Miracle-Grue\VS2010\Debug\Miracle-Grue.pdb" /SUBSYSTEM:CONSOLE /TLBID:1 /DYNAMICBASE /NXCOMPAT /IMPLIB:"C:\Users\Ted\Documents\MG\Miracle-Grue\VS2010\Debug\Miracle-Grue.lib" /MACHINE:X86 "Debug\Miracle-Grue.exe.embed.manifest.res"
         Debug\morphogen.obj
         "C:\Users\Ted\Documents\MG\Miracle-Grue\VS2010\Debug\jsoncpplib.lib"
         "C:\Users\Ted\Documents\MG\Miracle-Grue\VS2010\Debug\mglib.lib"
       Manifest:
         C:\Program Files (x86)\Microsoft SDKs\Windows\v7.0A\bin\mt.exe /nologo /verbose /out:"Debug\Miracle-Grue.exe.embed.manifest" /manifest "Debug\Miracle-Grue.exe.intermediate.manifest"
         All outputs are up-to-date.
       LinkEmbedManifest:
         All outputs are up-to-date.
         Miracle-Grue.vcxproj -> C:\Users\Ted\Documents\MG\Miracle-Grue\VS2010\Debug\Miracle-Grue.exe
       FinalizeBuildStatus:
         Deleting file "Debug\Miracle-Grue.unsuccessfulbuild".
         Touching "Debug\Miracle-Grue.lastbuildstate".
     1>Done Building Project "C:\Users\Ted\Documents\MG\Miracle-Grue\VS2010\Miracle-Grue\Miracle-Grue.vcxproj" (build target(s)).

Build succeeded.

Time Elapsed 00:00:02.65
